[2025-10-24T09:24:57.657+0000] {local_task_job_runner.py:123} INFO - ::group::Pre task execution logs
[2025-10-24T09:24:57.670+0000] {taskinstance.py:2614} INFO - Dependencies all met for dep_context=non-requeueable deps ti=<TaskInstance: etl_pipeline.run_etl manual__2025-10-24T09:24:56.567440+00:00 [queued]>
[2025-10-24T09:24:57.673+0000] {taskinstance.py:2614} INFO - Dependencies all met for dep_context=requeueable deps ti=<TaskInstance: etl_pipeline.run_etl manual__2025-10-24T09:24:56.567440+00:00 [queued]>
[2025-10-24T09:24:57.673+0000] {taskinstance.py:2867} INFO - Starting attempt 1 of 2
[2025-10-24T09:24:57.677+0000] {taskinstance.py:2890} INFO - Executing <Task(DockerOperator): run_etl> on 2025-10-24 09:24:56.567440+00:00
[2025-10-24T09:24:57.682+0000] {standard_task_runner.py:104} INFO - Running: ['***', 'tasks', 'run', 'etl_pipeline', 'run_etl', 'manual__2025-10-24T09:24:56.567440+00:00', '--job-id', '61', '--raw', '--subdir', 'DAGS_FOLDER/etl_dag.py', '--cfg-path', '/tmp/tmpvxlnd0kx']
[2025-10-24T09:24:57.682+0000] {standard_task_runner.py:105} INFO - Job 61: Subtask run_etl
[2025-10-24T09:24:57.682+0000] {logging_mixin.py:190} WARNING - /home/***/.local/lib/python3.12/site-packages/***/task/task_runner/standard_task_runner.py:70 DeprecationWarning: This process (pid=838) is multi-threaded, use of fork() may lead to deadlocks in the child.
[2025-10-24T09:24:57.683+0000] {standard_task_runner.py:72} INFO - Started process 894 to run task
[2025-10-24T09:24:57.721+0000] {task_command.py:467} INFO - Running <TaskInstance: etl_pipeline.run_etl manual__2025-10-24T09:24:56.567440+00:00 [running]> on host 362fdc132cfa
[2025-10-24T09:24:57.757+0000] {taskinstance.py:3134} INFO - Exporting env vars: AIRFLOW_CTX_DAG_OWNER='***' AIRFLOW_CTX_DAG_ID='etl_pipeline' AIRFLOW_CTX_TASK_ID='run_etl' AIRFLOW_CTX_EXECUTION_DATE='2025-10-24T09:24:56.567440+00:00' AIRFLOW_CTX_TRY_NUMBER='1' AIRFLOW_CTX_DAG_RUN_ID='manual__2025-10-24T09:24:56.567440+00:00'
[2025-10-24T09:24:57.758+0000] {logging_mixin.py:190} INFO - Task instance is in running state
[2025-10-24T09:24:57.758+0000] {logging_mixin.py:190} INFO -  Previous state of the Task instance: queued
[2025-10-24T09:24:57.758+0000] {logging_mixin.py:190} INFO - Current task name:run_etl state:running start_date:2025-10-24 09:24:57.671199+00:00
[2025-10-24T09:24:57.758+0000] {logging_mixin.py:190} INFO - Dag name:etl_pipeline and current dag run status:running
[2025-10-24T09:24:57.758+0000] {taskinstance.py:732} INFO - ::endgroup::
[2025-10-24T09:24:57.794+0000] {docker.py:345} INFO - Starting docker container from image etl_image
[2025-10-24T09:24:58.526+0000] {docker.py:69} INFO - INFO:__main__:
[2025-10-24T09:24:58.527+0000] {docker.py:69} INFO - === Scraping des entreprises du CAC 40 ===
[2025-10-24T09:24:59.376+0000] {docker.py:69} INFO - INFO:__main__:
[2025-10-24T09:24:59.376+0000] {docker.py:69} INFO - Suivi des cours pour 40 entreprises
[2025-10-24T09:25:13.913+0000] {docker.py:69} INFO - INFO:load:Tentative de connexion à : postgresql://***:****@postgres:5432/***
[2025-10-24T09:25:13.921+0000] {docker.py:69} INFO - INFO:load:DataFrame à charger (extrait) : 
[2025-10-24T09:25:13.922+0000] {docker.py:69} INFO -   name   price    change    open                date
[2025-10-24T09:25:13.922+0000] {docker.py:69} INFO - 0   AC   44.49  5.401570   44.21 2025-10-24 09:09:47
[2025-10-24T09:25:13.923+0000] {docker.py:69} INFO - 1   AI  171.84 -0.601509  173.64 2025-10-24 09:09:53
[2025-10-24T09:25:13.923+0000] {docker.py:69} INFO - 2  AIR  206.05 -0.579009  208.70 2025-10-24 09:09:54
[2025-10-24T09:25:13.923+0000] {docker.py:69} INFO - 3   MT     NaN       NaN     NaN 2019-06-28 22:07:38
[2025-10-24T09:25:13.923+0000] {docker.py:69} INFO - 4   CS   38.87 -1.320468   39.44 2025-10-24 09:09:31
[2025-10-24T09:25:13.939+0000] {docker.py:69} INFO - INFO:load:Tentative d'écriture dans la base de données avec l'engine SQLAlchemy...
[2025-10-24T09:25:13.967+0000] {docker.py:69} INFO - INFO:load:Données chargées, vérification du nombre de lignes...
[2025-10-24T09:25:13.968+0000] {docker.py:69} INFO - INFO:load:Nombre de lignes dans la table (après insert): 40
[2025-10-24T09:25:13.969+0000] {docker.py:69} INFO - INFO:load:Opération terminée avec succès.
[2025-10-24T09:25:13.969+0000] {docker.py:69} INFO - INFO:__main__:
[2025-10-24T09:25:13.969+0000] {docker.py:69} INFO - Pipeline ETL terminé avec succès.
[2025-10-24T09:25:14.262+0000] {taskinstance.py:341} INFO - ::group::Post task execution logs
[2025-10-24T09:25:14.262+0000] {taskinstance.py:353} INFO - Marking task as SUCCESS. dag_id=etl_pipeline, task_id=run_etl, run_id=manual__2025-10-24T09:24:56.567440+00:00, execution_date=20251024T092456, start_date=20251024T092457, end_date=20251024T092514
[2025-10-24T09:25:14.286+0000] {logging_mixin.py:190} INFO - Task instance in success state
[2025-10-24T09:25:14.286+0000] {logging_mixin.py:190} INFO -  Previous state of the Task instance: running
[2025-10-24T09:25:14.287+0000] {logging_mixin.py:190} INFO - Dag name:etl_pipeline queued_at:2025-10-24 09:24:56.579635+00:00
[2025-10-24T09:25:14.287+0000] {logging_mixin.py:190} INFO - Task hostname:362fdc132cfa operator:DockerOperator
[2025-10-24T09:25:14.308+0000] {local_task_job_runner.py:266} INFO - Task exited with return code 0
[2025-10-24T09:25:14.317+0000] {taskinstance.py:3901} INFO - 0 downstream tasks scheduled from follow-on schedule check
[2025-10-24T09:25:14.317+0000] {local_task_job_runner.py:245} INFO - ::endgroup::
