[2025-10-23T22:34:36.665+0000] {local_task_job_runner.py:123} INFO - ::group::Pre task execution logs
[2025-10-23T22:34:36.671+0000] {taskinstance.py:2614} INFO - Dependencies all met for dep_context=non-requeueable deps ti=<TaskInstance: etl_pipeline.run_etl manual__2025-10-23T22:34:35.351544+00:00 [queued]>
[2025-10-23T22:34:36.673+0000] {taskinstance.py:2614} INFO - Dependencies all met for dep_context=requeueable deps ti=<TaskInstance: etl_pipeline.run_etl manual__2025-10-23T22:34:35.351544+00:00 [queued]>
[2025-10-23T22:34:36.674+0000] {taskinstance.py:2867} INFO - Starting attempt 1 of 2
[2025-10-23T22:34:36.677+0000] {taskinstance.py:2890} INFO - Executing <Task(DockerOperator): run_etl> on 2025-10-23 22:34:35.351544+00:00
[2025-10-23T22:34:36.681+0000] {standard_task_runner.py:104} INFO - Running: ['***', 'tasks', 'run', 'etl_pipeline', 'run_etl', 'manual__2025-10-23T22:34:35.351544+00:00', '--job-id', '15', '--raw', '--subdir', 'DAGS_FOLDER/etl_dag.py', '--cfg-path', '/tmp/tmp9g13_bqj']
[2025-10-23T22:34:36.683+0000] {standard_task_runner.py:105} INFO - Job 15: Subtask run_etl
[2025-10-23T22:34:36.682+0000] {logging_mixin.py:190} WARNING - /home/***/.local/lib/python3.12/site-packages/***/task/task_runner/standard_task_runner.py:70 DeprecationWarning: This process (pid=56408) is multi-threaded, use of fork() may lead to deadlocks in the child.
[2025-10-23T22:34:36.684+0000] {standard_task_runner.py:72} INFO - Started process 56409 to run task
[2025-10-23T22:34:36.703+0000] {task_command.py:467} INFO - Running <TaskInstance: etl_pipeline.run_etl manual__2025-10-23T22:34:35.351544+00:00 [running]> on host 596fdc9a152e
[2025-10-23T22:34:36.730+0000] {taskinstance.py:3134} INFO - Exporting env vars: AIRFLOW_CTX_DAG_OWNER='***' AIRFLOW_CTX_DAG_ID='etl_pipeline' AIRFLOW_CTX_TASK_ID='run_etl' AIRFLOW_CTX_EXECUTION_DATE='2025-10-23T22:34:35.351544+00:00' AIRFLOW_CTX_TRY_NUMBER='1' AIRFLOW_CTX_DAG_RUN_ID='manual__2025-10-23T22:34:35.351544+00:00'
[2025-10-23T22:34:36.731+0000] {logging_mixin.py:190} INFO - Task instance is in running state
[2025-10-23T22:34:36.731+0000] {logging_mixin.py:190} INFO -  Previous state of the Task instance: queued
[2025-10-23T22:34:36.731+0000] {logging_mixin.py:190} INFO - Current task name:run_etl state:running start_date:2025-10-23 22:34:36.671794+00:00
[2025-10-23T22:34:36.731+0000] {logging_mixin.py:190} INFO - Dag name:etl_pipeline and current dag run status:running
[2025-10-23T22:34:36.731+0000] {taskinstance.py:732} INFO - ::endgroup::
[2025-10-23T22:34:36.752+0000] {docker.py:345} INFO - Starting docker container from image etl_image
[2025-10-23T22:34:37.508+0000] {taskinstance.py:341} INFO - ::group::Post task execution logs
[2025-10-23T22:34:37.508+0000] {taskinstance.py:353} INFO - Marking task as SUCCESS. dag_id=etl_pipeline, task_id=run_etl, run_id=manual__2025-10-23T22:34:35.351544+00:00, execution_date=20251023T223435, start_date=20251023T223436, end_date=20251023T223437
[2025-10-23T22:34:37.523+0000] {logging_mixin.py:190} INFO - Task instance in success state
[2025-10-23T22:34:37.523+0000] {logging_mixin.py:190} INFO -  Previous state of the Task instance: running
[2025-10-23T22:34:37.523+0000] {logging_mixin.py:190} INFO - Dag name:etl_pipeline queued_at:2025-10-23 22:34:35.370955+00:00
[2025-10-23T22:34:37.523+0000] {logging_mixin.py:190} INFO - Task hostname:596fdc9a152e operator:DockerOperator
[2025-10-23T22:34:37.533+0000] {local_task_job_runner.py:266} INFO - Task exited with return code 0
[2025-10-23T22:34:37.543+0000] {taskinstance.py:3901} INFO - 0 downstream tasks scheduled from follow-on schedule check
[2025-10-23T22:34:37.543+0000] {local_task_job_runner.py:245} INFO - ::endgroup::
